<?xml version="1.0" encoding="utf-8"?><testsuites name="pytest tests"><testsuite name="pytest" errors="0" failures="0" skipped="0" tests="21" time="2.983" timestamp="2026-03-02T15:33:53.686154+00:00" hostname="agent-env-5cda0827-85c6-45fb-ab9f-44ff670cb9a5"><testcase classname="backend.tests.test_production_readiness.TestHealthEndpoint" name="test_health_returns_ok" time="0.221" /><testcase classname="backend.tests.test_production_readiness.TestHealthEndpoint" name="test_health_has_database_field" time="0.057" /><testcase classname="backend.tests.test_production_readiness.TestHealthEndpoint" name="test_health_has_bot_running_field" time="0.060" /><testcase classname="backend.tests.test_production_readiness.TestHealthEndpoint" name="test_health_has_mode_field" time="0.053" /><testcase classname="backend.tests.test_production_readiness.TestHealthEndpoint" name="test_health_no_auth_required" time="0.157" /><testcase classname="backend.tests.test_production_readiness.TestAuthentication" name="test_login_success" time="0.304" /><testcase classname="backend.tests.test_production_readiness.TestAuthentication" name="test_login_invalid_credentials" time="0.052" /><testcase classname="backend.tests.test_production_readiness.TestAuthentication" name="test_register_validation" time="0.278" /><testcase classname="backend.tests.test_production_readiness.TestDashboard" name="test_dashboard_requires_auth" time="0.161" /><testcase classname="backend.tests.test_production_readiness.TestDashboard" name="test_dashboard_returns_data" time="0.350" /><testcase classname="backend.tests.test_production_readiness.TestBotControl" name="test_bot_status" time="0.066" /><testcase classname="backend.tests.test_production_readiness.TestBotControl" name="test_bot_start" time="0.065" /><testcase classname="backend.tests.test_production_readiness.TestBotControl" name="test_bot_stop" time="0.108" /><testcase classname="backend.tests.test_production_readiness.TestBotControl" name="test_bot_requires_auth" time="0.116" /><testcase classname="backend.tests.test_production_readiness.TestPerformance" name="test_performance_endpoint" time="0.088" /><testcase classname="backend.tests.test_production_readiness.TestPerformance" name="test_leaderboard_endpoint" time="0.054" /><testcase classname="backend.tests.test_production_readiness.TestBacktest" name="test_backtest_runs" time="0.364" /><testcase classname="backend.tests.test_production_readiness.TestBacktest" name="test_backtest_requires_auth" time="0.120" /><testcase classname="backend.tests.test_production_readiness.TestTradesPositions" name="test_trades_endpoint" time="0.070" /><testcase classname="backend.tests.test_production_readiness.TestTradesPositions" name="test_positions_endpoint" time="0.053" /><testcase classname="backend.tests.test_production_readiness.TestBotConfig" name="test_get_config" time="0.061" /></testsuite></testsuites>