<?xml version="1.0" encoding="utf-8"?><testsuites name="pytest tests"><testsuite name="pytest" errors="0" failures="0" skipped="0" tests="12" time="2.840" timestamp="2026-03-21T04:10:02.885533+00:00" hostname="agent-env-5cda0827-85c6-45fb-ab9f-44ff670cb9a5"><testcase classname="backend.tests.test_phase1_smart_filters.TestHealthEndpoint" name="test_health_returns_ok" time="0.136" /><testcase classname="backend.tests.test_phase1_smart_filters.TestAuthentication" name="test_login_success" time="0.352" /><testcase classname="backend.tests.test_phase1_smart_filters.TestAuthentication" name="test_login_invalid_credentials" time="0.101" /><testcase classname="backend.tests.test_phase1_smart_filters.TestDatasetStats" name="test_dataset_stats_returns_expected_fields" time="0.534" /><testcase classname="backend.tests.test_phase1_smart_filters.TestDatasetStats" name="test_dataset_stats_requires_auth" time="0.451" /><testcase classname="backend.tests.test_phase1_smart_filters.TestBotFilters" name="test_bot_filters_returns_expected_fields" time="0.103" /><testcase classname="backend.tests.test_phase1_smart_filters.TestBotFilters" name="test_bot_filters_requires_auth" time="0.121" /><testcase classname="backend.tests.test_phase1_smart_filters.TestBotConfigSmartFilters" name="test_get_config_includes_smart_filter_fields" time="0.107" /><testcase classname="backend.tests.test_phase1_smart_filters.TestBotConfigSmartFilters" name="test_update_config_smart_filters" time="0.427" /><testcase classname="backend.tests.test_phase1_smart_filters.TestPositionsConfidenceScore" name="test_positions_include_confidence_score" time="0.229" /><testcase classname="backend.tests.test_phase1_smart_filters.TestDashboard" name="test_dashboard_loads" time="0.113" /><testcase classname="backend.tests.test_phase1_smart_filters.TestBotStatus" name="test_bot_status" time="0.099" /></testsuite></testsuites>