<?xml version="1.0" encoding="utf-8"?><testsuites name="pytest tests"><testsuite name="pytest" errors="0" failures="0" skipped="0" tests="15" time="2.610" timestamp="2026-03-21T04:33:59.868881+00:00" hostname="agent-env-5cda0827-85c6-45fb-ab9f-44ff670cb9a5"><testcase classname="backend.tests.test_phase3_risk_management.TestHealthEndpoint" name="test_health_endpoint_no_auth" time="0.151" /><testcase classname="backend.tests.test_phase3_risk_management.TestAuthEndpoints" name="test_login_success" time="0.352" /><testcase classname="backend.tests.test_phase3_risk_management.TestAuthEndpoints" name="test_login_invalid_credentials" time="0.130" /><testcase classname="backend.tests.test_phase3_risk_management.TestDatasetStats" name="test_dataset_stats" time="0.541" /><testcase classname="backend.tests.test_phase3_risk_management.TestMLStatus" name="test_ml_status" time="0.107" /><testcase classname="backend.tests.test_phase3_risk_management.TestCircuitBreaker" name="test_get_circuit_breaker_status" time="0.119" /><testcase classname="backend.tests.test_phase3_risk_management.TestCircuitBreaker" name="test_reset_circuit_breaker" time="0.181" /><testcase classname="backend.tests.test_phase3_risk_management.TestMarketRegime" name="test_get_market_regime" time="0.107" /><testcase classname="backend.tests.test_phase3_risk_management.TestMarketRegime" name="test_regime_includes_session_info" time="0.115" /><testcase classname="backend.tests.test_phase3_risk_management.TestTradingSessions" name="test_get_trading_sessions" time="0.113" /><testcase classname="backend.tests.test_phase3_risk_management.TestMonteCarlo" name="test_run_monte_carlo_simulation" time="0.144" /><testcase classname="backend.tests.test_phase3_risk_management.TestRegressionEndpoints" name="test_bot_status" time="0.097" /><testcase classname="backend.tests.test_phase3_risk_management.TestRegressionEndpoints" name="test_bot_config" time="0.110" /><testcase classname="backend.tests.test_phase3_risk_management.TestRegressionEndpoints" name="test_trades_list" time="0.125" /><testcase classname="backend.tests.test_phase3_risk_management.TestRegressionEndpoints" name="test_positions_list" time="0.110" /></testsuite></testsuites>