<?xml version="1.0" encoding="utf-8"?><testsuites name="pytest tests"><testsuite name="pytest" errors="0" failures="0" skipped="0" tests="13" time="6.625" timestamp="2026-03-02T17:58:42.907895+00:00" hostname="agent-env-5cda0827-85c6-45fb-ab9f-44ff670cb9a5"><testcase classname="backend.tests.test_short_selling.TestShortSellingConfig" name="test_get_config_returns_allow_short_field" time="0.663" /><testcase classname="backend.tests.test_short_selling.TestShortSellingConfig" name="test_put_config_enable_short_selling" time="0.542" /><testcase classname="backend.tests.test_short_selling.TestShortSellingConfig" name="test_put_config_disable_short_selling" time="0.703" /><testcase classname="backend.tests.test_short_selling.TestShortPositions" name="test_positions_have_side_field" time="0.448" /><testcase classname="backend.tests.test_short_selling.TestShortPositions" name="test_short_position_sl_above_entry" time="0.447" /><testcase classname="backend.tests.test_short_selling.TestShortPositions" name="test_short_position_tp_below_entry" time="0.471" /><testcase classname="backend.tests.test_short_selling.TestShortPositions" name="test_short_position_pnl_positive_when_price_drops" time="0.504" /><testcase classname="backend.tests.test_short_selling.TestTradesSideField" name="test_trades_have_side_field" time="0.452" /><testcase classname="backend.tests.test_short_selling.TestDashboardWithShortPositions" name="test_dashboard_positions_have_side" time="0.455" /><testcase classname="backend.tests.test_short_selling.TestExistingFeaturesStillWork" name="test_health_endpoint_no_auth" time="0.498" /><testcase classname="backend.tests.test_short_selling.TestExistingFeaturesStillWork" name="test_dashboard_endpoint" time="0.457" /><testcase classname="backend.tests.test_short_selling.TestExistingFeaturesStillWork" name="test_leaderboard_endpoint" time="0.451" /><testcase classname="backend.tests.test_short_selling.TestExistingFeaturesStillWork" name="test_bot_status_endpoint" time="0.467" /></testsuite></testsuites>