<?xml version="1.0" encoding="utf-8"?><testsuites name="pytest tests"><testsuite name="pytest" errors="0" failures="0" skipped="0" tests="40" time="3.271" timestamp="2026-03-22T12:25:42.712166+00:00" hostname="agent-env-94ba40f0-abce-4ce2-8f74-bed3651adb1c"><testcase classname="backend.tests.test_regression_refactor.TestHealth" name="test_health_returns_200" time="0.138" /><testcase classname="backend.tests.test_regression_refactor.TestHealth" name="test_health_no_auth_needed" time="0.102" /><testcase classname="backend.tests.test_regression_refactor.TestHealth" name="test_health_database_field" time="0.048" /><testcase classname="backend.tests.test_regression_refactor.TestAuth" name="test_register_new_user" time="0.049" /><testcase classname="backend.tests.test_regression_refactor.TestAuth" name="test_login_success" time="0.561" /><testcase classname="backend.tests.test_regression_refactor.TestAuth" name="test_login_invalid_credentials" time="0.047" /><testcase classname="backend.tests.test_regression_refactor.TestAuth" name="test_auth_me" time="0.082" /><testcase classname="backend.tests.test_regression_refactor.TestDashboard" name="test_dashboard_requires_auth" time="0.104" /><testcase classname="backend.tests.test_regression_refactor.TestDashboard" name="test_dashboard_returns_required_fields" time="0.055" /><testcase classname="backend.tests.test_regression_refactor.TestDashboard" name="test_dashboard_prices_dict" time="0.053" /><testcase classname="backend.tests.test_regression_refactor.TestDashboard" name="test_dashboard_balance_numeric" time="0.060" /><testcase classname="backend.tests.test_regression_refactor.TestBotControl" name="test_bot_status_fields" time="0.052" /><testcase classname="backend.tests.test_regression_refactor.TestBotControl" name="test_bot_start" time="0.058" /><testcase classname="backend.tests.test_regression_refactor.TestBotControl" name="test_bot_stop" time="0.094" /><testcase classname="backend.tests.test_regression_refactor.TestBotControl" name="test_get_bot_config" time="0.055" /><testcase classname="backend.tests.test_regression_refactor.TestBotControl" name="test_put_bot_config" time="0.048" /><testcase classname="backend.tests.test_regression_refactor.TestBotControl" name="test_get_bot_mode" time="0.049" /><testcase classname="backend.tests.test_regression_refactor.TestBotControl" name="test_put_bot_mode_dry" time="0.046" /><testcase classname="backend.tests.test_regression_refactor.TestBotControl" name="test_put_bot_mode_invalid" time="0.046" /><testcase classname="backend.tests.test_regression_refactor.TestTrading" name="test_get_trades" time="0.049" /><testcase classname="backend.tests.test_regression_refactor.TestTrading" name="test_get_performance" time="0.048" /><testcase classname="backend.tests.test_regression_refactor.TestTrading" name="test_get_leaderboard" time="0.050" /><testcase classname="backend.tests.test_regression_refactor.TestTrading" name="test_get_prices" time="0.049" /><testcase classname="backend.tests.test_regression_refactor.TestML" name="test_ml_status" time="0.049" /><testcase classname="backend.tests.test_regression_refactor.TestML" name="test_ml_dataset" time="0.086" /><testcase classname="backend.tests.test_regression_refactor.TestML" name="test_dataset_stats" time="0.052" /><testcase classname="backend.tests.test_regression_refactor.TestRisk" name="test_circuit_breaker" time="0.049" /><testcase classname="backend.tests.test_regression_refactor.TestRisk" name="test_risk_sessions" time="0.052" /><testcase classname="backend.tests.test_regression_refactor.TestRisk" name="test_risk_regime" time="0.048" /><testcase classname="backend.tests.test_regression_refactor.TestRisk" name="test_risk_regime_old_endpoint_not_exist" time="0.045" /><testcase classname="backend.tests.test_regression_refactor.TestRisk" name="test_monte_carlo" time="0.051" /><testcase classname="backend.tests.test_regression_refactor.TestMarketIntel" name="test_orderflow_summary" time="0.048" /><testcase classname="backend.tests.test_regression_refactor.TestMarketIntel" name="test_orderflow_symbol" time="0.048" /><testcase classname="backend.tests.test_regression_refactor.TestMarketIntel" name="test_funding_rates" time="0.059" /><testcase classname="backend.tests.test_regression_refactor.TestMarketIntel" name="test_whale_activity" time="0.051" /><testcase classname="backend.tests.test_regression_refactor.TestBacktest" name="test_backtest_runs" time="0.329" /><testcase classname="backend.tests.test_regression_refactor.TestBacktest" name="test_backtest_invalid_symbol" time="0.046" /><testcase classname="backend.tests.test_regression_refactor.TestBacktest" name="test_backtest_requires_auth" time="0.101" /><testcase classname="backend.tests.test_regression_refactor.TestMisc" name="test_prices_endpoint" time="0.048" /><testcase classname="backend.tests.test_regression_refactor.TestMisc" name="test_filters_endpoint" time="0.046" /></testsuite></testsuites>