<?xml version="1.0" encoding="utf-8"?><testsuites name="pytest tests"><testsuite name="pytest" errors="0" failures="0" skipped="0" tests="14" time="5.946" timestamp="2026-03-21T04:23:20.637347+00:00" hostname="agent-env-5cda0827-85c6-45fb-ab9f-44ff670cb9a5"><testcase classname="backend.tests.test_ml_signal_filter.TestMLSignalFilter" name="test_health_endpoint_no_auth" time="0.435" /><testcase classname="backend.tests.test_ml_signal_filter.TestMLSignalFilter" name="test_ml_status_returns_required_fields" time="0.361" /><testcase classname="backend.tests.test_ml_signal_filter.TestMLSignalFilter" name="test_ml_status_is_active_with_version" time="0.398" /><testcase classname="backend.tests.test_ml_signal_filter.TestMLSignalFilter" name="test_ml_status_feature_importance_when_active" time="0.391" /><testcase classname="backend.tests.test_ml_signal_filter.TestMLSignalFilter" name="test_ml_train_endpoint" time="0.480" /><testcase classname="backend.tests.test_ml_signal_filter.TestMLSignalFilter" name="test_ml_seed_endpoint" time="0.376" /><testcase classname="backend.tests.test_ml_signal_filter.TestMLSignalFilter" name="test_dataset_stats_returns_required_fields" time="0.370" /><testcase classname="backend.tests.test_ml_signal_filter.TestMLSignalFilter" name="test_dataset_stats_rejection_reasons" time="0.391" /><testcase classname="backend.tests.test_ml_signal_filter.TestMLSignalFilter" name="test_bot_config_returns_ml_min_win_probability" time="0.372" /><testcase classname="backend.tests.test_ml_signal_filter.TestMLSignalFilter" name="test_bot_config_accepts_ml_min_win_probability" time="0.522" /><testcase classname="backend.tests.test_ml_signal_filter.TestMLSignalFilter" name="test_dashboard_endpoint" time="0.377" /><testcase classname="backend.tests.test_ml_signal_filter.TestMLSignalFilter" name="test_auth_login" time="0.662" /><testcase classname="backend.tests.test_ml_signal_filter.TestMLModelMetrics" name="test_ml_metrics_values_in_valid_range" time="0.405" /><testcase classname="backend.tests.test_ml_signal_filter.TestMLModelMetrics" name="test_ml_training_data_consistency" time="0.358" /></testsuite></testsuites>