<?xml version="1.0" encoding="utf-8"?><testsuites name="pytest tests"><testsuite name="pytest" errors="0" failures="0" skipped="0" tests="10" time="14.501" timestamp="2026-07-01T23:34:46.419566+00:00" hostname="agent-env-94ba40f0-abce-4ce2-8f74-bed3651adb1c"><testcase classname="backend.tests.test_agobot" name="test_health" time="0.220" /><testcase classname="backend.tests.test_agobot" name="test_login_success" time="0.390" /><testcase classname="backend.tests.test_agobot" name="test_login_wrong_password" time="0.394" /><testcase classname="backend.tests.test_agobot" name="test_dashboard" time="0.576" /><testcase classname="backend.tests.test_agobot" name="test_ml_status" time="0.079" /><testcase classname="backend.tests.test_agobot" name="test_performance" time="0.074" /><testcase classname="backend.tests.test_agobot" name="test_risk" time="0.069" /><testcase classname="backend.tests.test_agobot" name="test_market_intel" time="12.495" /><testcase classname="backend.tests.test_agobot" name="test_trades" time="0.076" /><testcase classname="backend.tests.test_agobot" name="test_bot_status" time="0.068" /></testsuite></testsuites>