<?xml version="1.0" encoding="utf-8"?><testsuites name="pytest tests"><testsuite name="pytest" errors="0" failures="0" skipped="0" tests="14" time="6.423" timestamp="2026-03-02T15:55:10.361655+00:00" hostname="agent-env-5cda0827-85c6-45fb-ab9f-44ff670cb9a5"><testcase classname="backend.tests.test_mode_toggle.TestModeToggleEndpoints" name="test_get_bot_mode_returns_expected_fields" time="0.541" /><testcase classname="backend.tests.test_mode_toggle.TestModeToggleEndpoints" name="test_put_bot_mode_dry_success" time="0.489" /><testcase classname="backend.tests.test_mode_toggle.TestModeToggleEndpoints" name="test_put_bot_mode_live_fails_without_binance" time="0.466" /><testcase classname="backend.tests.test_mode_toggle.TestModeToggleEndpoints" name="test_put_bot_mode_invalid_returns_400" time="0.518" /><testcase classname="backend.tests.test_mode_toggle.TestModeToggleEndpoints" name="test_get_bot_mode_requires_auth" time="0.502" /><testcase classname="backend.tests.test_mode_toggle.TestModeToggleEndpoints" name="test_put_bot_mode_requires_auth" time="0.444" /><testcase classname="backend.tests.test_mode_toggle.TestHealthEndpoint" name="test_health_endpoint_no_auth" time="0.153" /><testcase classname="backend.tests.test_mode_toggle.TestAuthEndpoint" name="test_login_success" time="0.486" /><testcase classname="backend.tests.test_mode_toggle.TestDashboardWithMode" name="test_dashboard_bot_status_includes_mode" time="0.465" /><testcase classname="backend.tests.test_mode_toggle.TestOtherEndpoints" name="test_bot_config_endpoint" time="0.449" /><testcase classname="backend.tests.test_mode_toggle.TestOtherEndpoints" name="test_positions_endpoint" time="0.477" /><testcase classname="backend.tests.test_mode_toggle.TestOtherEndpoints" name="test_trades_endpoint" time="0.471" /><testcase classname="backend.tests.test_mode_toggle.TestOtherEndpoints" name="test_leaderboard_endpoint" time="0.439" /><testcase classname="backend.tests.test_mode_toggle.TestOtherEndpoints" name="test_performance_endpoint" time="0.454" /></testsuite></testsuites>