<?xml version="1.0" encoding="utf-8"?><testsuites name="pytest tests"><testsuite name="pytest" errors="0" failures="0" skipped="0" tests="26" time="4.046" timestamp="2026-03-21T04:50:43.688117+00:00" hostname="agent-env-94ba40f0-abce-4ce2-8f74-bed3651adb1c"><testcase classname="backend.tests.test_phase4_market_intel.TestAuth" name="test_register_new_user" time="0.483" /><testcase classname="backend.tests.test_phase4_market_intel.TestAuth" name="test_login_valid_credentials" time="0.365" /><testcase classname="backend.tests.test_phase4_market_intel.TestAuth" name="test_login_invalid_credentials" time="0.345" /><testcase classname="backend.tests.test_phase4_market_intel.TestOrderFlow" name="test_orderflow_all_symbols_status" time="0.472" /><testcase classname="backend.tests.test_phase4_market_intel.TestOrderFlow" name="test_orderflow_all_symbols_structure" time="0.104" /><testcase classname="backend.tests.test_phase4_market_intel.TestOrderFlow" name="test_orderflow_pressure_valid_values" time="0.095" /><testcase classname="backend.tests.test_phase4_market_intel.TestOrderFlow" name="test_orderflow_symbol_btcusdt" time="0.097" /><testcase classname="backend.tests.test_phase4_market_intel.TestOrderFlow" name="test_orderflow_symbol_ethusdt" time="0.092" /><testcase classname="backend.tests.test_phase4_market_intel.TestOrderFlow" name="test_orderflow_invalid_symbol" time="0.095" /><testcase classname="backend.tests.test_phase4_market_intel.TestOrderFlow" name="test_orderflow_unauthenticated" time="0.102" /><testcase classname="backend.tests.test_phase4_market_intel.TestFundingRates" name="test_funding_rates_status" time="0.112" /><testcase classname="backend.tests.test_phase4_market_intel.TestFundingRates" name="test_funding_rates_structure" time="0.145" /><testcase classname="backend.tests.test_phase4_market_intel.TestFundingRates" name="test_funding_rates_per_symbol_fields" time="0.103" /><testcase classname="backend.tests.test_phase4_market_intel.TestFundingRates" name="test_funding_rates_sentiment_values" time="0.103" /><testcase classname="backend.tests.test_phase4_market_intel.TestFundingRates" name="test_funding_rates_unauthenticated" time="0.096" /><testcase classname="backend.tests.test_phase4_market_intel.TestWhaleActivity" name="test_whale_activity_status" time="0.095" /><testcase classname="backend.tests.test_phase4_market_intel.TestWhaleActivity" name="test_whale_activity_structure" time="0.087" /><testcase classname="backend.tests.test_phase4_market_intel.TestWhaleActivity" name="test_whale_activity_signal_values" time="0.103" /><testcase classname="backend.tests.test_phase4_market_intel.TestWhaleActivity" name="test_whale_activity_trades_list" time="0.098" /><testcase classname="backend.tests.test_phase4_market_intel.TestWhaleActivity" name="test_whale_activity_symbol_breakdown" time="0.120" /><testcase classname="backend.tests.test_phase4_market_intel.TestWhaleActivity" name="test_whale_activity_unauthenticated" time="0.104" /><testcase classname="backend.tests.test_phase4_market_intel.TestRegression" name="test_health_check" time="0.100" /><testcase classname="backend.tests.test_phase4_market_intel.TestRegression" name="test_dashboard_status" time="0.101" /><testcase classname="backend.tests.test_phase4_market_intel.TestRegression" name="test_ml_status" time="0.097" /><testcase classname="backend.tests.test_phase4_market_intel.TestRegression" name="test_risk_circuit_breaker" time="0.110" /><testcase classname="backend.tests.test_phase4_market_intel.TestRegression" name="test_bot_status" time="0.124" /></testsuite></testsuites>